# JRE version: OpenJDK Runtime Environment (8.0_212-b04) (build 1.8.0_212-release-1586-b04)
# Java VM: OpenJDK 64-Bit Server VM (25.212-b04 mixed mode windows-amd64 compressed oops)
Heap:
 PSYoungGen      total 56320K, used 31657K [0x00000000e0000000, 0x00000000e6e00000, 0x0000000100000000)
  eden space 48640K, 65% used [0x00000000e0000000,0x00000000e1eea798,0x00000000e2f80000)
  from space 7680K, 0% used [0x00000000e3700000,0x00000000e3700000,0x00000000e3e80000)
  to   space 7680K, 0% used [0x00000000e2f80000,0x00000000e2f80000,0x00000000e3700000)
 ParOldGen       total 86016K, used 10960K [0x00000000a0000000, 0x00000000a5400000, 0x00000000e0000000)
  object space 86016K, 12% used [0x00000000a0000000,0x00000000a0ab40f8,0x00000000a5400000)
 Metaspace       used 26307K, capacity 26876K, committed 27136K, reserved 1073152K
  class space    used 3530K, capacity 3747K, committed 3840K, reserved 1048576K
GC Heap History (10 events):
Event: 4.241 GC heap before
{Heap before GC invocations=1 (full 0):
 PSYoungGen      total 56320K, used 48640K [0x00000000e0000000, 0x00000000e3e80000, 0x0000000100000000)
  eden space 48640K, 100% used [0x00000000e0000000,0x00000000e2f80000,0x00000000e2f80000)
  from space 7680K, 0% used [0x00000000e3700000,0x00000000e3700000,0x00000000e3e80000)
  to   space 7680K, 0% used [0x00000000e2f80000,0x00000000e2f80000,0x00000000e3700000)
 ParOldGen       total 128512K, used 0K [0x00000000a0000000, 0x00000000a7d80000, 0x00000000e0000000)
  object space 128512K, 0% used [0x00000000a0000000,0x00000000a0000000,0x00000000a7d80000)
 Metaspace       used 7110K, capacity 7418K, committed 7680K, reserved 1056768K
  class space    used 861K, capacity 942K, committed 1024K, reserved 1048576K
Event: 4.250 GC heap after
Heap after GC invocations=1 (full 0):
 PSYoungGen      total 56320K, used 4838K [0x00000000e0000000, 0x00000000e3e80000, 0x0000000100000000)
  eden space 48640K, 0% used [0x00000000e0000000,0x00000000e0000000,0x00000000e2f80000)
  from space 7680K, 62% used [0x00000000e2f80000,0x00000000e3439908,0x00000000e3700000)
  to   space 7680K, 0% used [0x00000000e3700000,0x00000000e3700000,0x00000000e3e80000)
 ParOldGen       total 128512K, used 16K [0x00000000a0000000, 0x00000000a7d80000, 0x00000000e0000000)
  object space 128512K, 0% used [0x00000000a0000000,0x00000000a0004000,0x00000000a7d80000)
 Metaspace       used 7110K, capacity 7418K, committed 7680K, reserved 1056768K
  class space    used 861K, capacity 942K, committed 1024K, reserved 1048576K
}
Event: 11.198 GC heap before
{Heap before GC invocations=2 (full 0):
 PSYoungGen      total 56320K, used 53478K [0x00000000e0000000, 0x00000000e3e80000, 0x0000000100000000)
  eden space 48640K, 100% used [0x00000000e0000000,0x00000000e2f80000,0x00000000e2f80000)
  from space 7680K, 62% used [0x00000000e2f80000,0x00000000e3439908,0x00000000e3700000)
  to   space 7680K, 0% used [0x00000000e3700000,0x00000000e3700000,0x00000000e3e80000)
 ParOldGen       total 128512K, used 16K [0x00000000a0000000, 0x00000000a7d80000, 0x00000000e0000000)
  object space 128512K, 0% used [0x00000000a0000000,0x00000000a0004000,0x00000000a7d80000)
 Metaspace       used 12334K, capacity 12806K, committed 13056K, reserved 1060864K
  class space    used 1638K, capacity 1775K, committed 1792K, reserved 1048576K
Event: 11.213 GC heap after
Heap after GC invocations=2 (full 0):
 PSYoungGen      total 56320K, used 7049K [0x00000000e0000000, 0x00000000e3e80000, 0x0000000100000000)
  eden space 48640K, 0% used [0x00000000e0000000,0x00000000e0000000,0x00000000e2f80000)
  from space 7680K, 91% used [0x00000000e3700000,0x00000000e3de2760,0x00000000e3e80000)
  to   space 7680K, 0% used [0x00000000e2f80000,0x00000000e2f80000,0x00000000e3700000)
 ParOldGen       total 128512K, used 24K [0x00000000a0000000, 0x00000000a7d80000, 0x00000000e0000000)
  object space 128512K, 0% used [0x00000000a0000000,0x00000000a0006000,0x00000000a7d80000)
 Metaspace       used 12334K, capacity 12806K, committed 13056K, reserved 1060864K
  class space    used 1638K, capacity 1775K, committed 1792K, reserved 1048576K
}
Event: 12.952 GC heap before
{Heap before GC invocations=3 (full 0):
 PSYoungGen      total 56320K, used 55689K [0x00000000e0000000, 0x00000000e3e80000, 0x0000000100000000)
  eden space 48640K, 100% used [0x00000000e0000000,0x00000000e2f80000,0x00000000e2f80000)
  from space 7680K, 91% used [0x00000000e3700000,0x00000000e3de2760,0x00000000e3e80000)
  to   space 7680K, 0% used [0x00000000e2f80000,0x00000000e2f80000,0x00000000e3700000)
 ParOldGen       total 128512K, used 24K [0x00000000a0000000, 0x00000000a7d80000, 0x00000000e0000000)
  object space 128512K, 0% used [0x00000000a0000000,0x00000000a0006000,0x00000000a7d80000)
 Metaspace       used 16017K, capacity 16474K, committed 16768K, reserved 1062912K
  class space    used 2255K, capacity 2407K, committed 2432K, reserved 1048576K
Event: 12.989 GC heap after
Heap after GC invocations=3 (full 0):
 PSYoungGen      total 56320K, used 7670K [0x00000000e0000000, 0x00000000e3e80000, 0x0000000100000000)
  eden space 48640K, 0% used [0x00000000e0000000,0x00000000e0000000,0x00000000e2f80000)
  from space 7680K, 99% used [0x00000000e2f80000,0x00000000e36fd828,0x00000000e3700000)
  to   space 7680K, 0% used [0x00000000e3700000,0x00000000e3700000,0x00000000e3e80000)
 ParOldGen       total 128512K, used 2005K [0x00000000a0000000, 0x00000000a7d80000, 0x00000000e0000000)
  object space 128512K, 1% used [0x00000000a0000000,0x00000000a01f54e8,0x00000000a7d80000)
 Metaspace       used 16017K, capacity 16474K, committed 16768K, reserved 1062912K
  class space    used 2255K, capacity 2407K, committed 2432K, reserved 1048576K
}
Event: 14.415 GC heap before
{Heap before GC invocations=4 (full 0):
 PSYoungGen      total 56320K, used 56194K [0x00000000e0000000, 0x00000000e3e80000, 0x0000000100000000)
  eden space 48640K, 99% used [0x00000000e0000000,0x00000000e2f63350,0x00000000e2f80000)
  from space 7680K, 99% used [0x00000000e2f80000,0x00000000e36fd828,0x00000000e3700000)
  to   space 7680K, 0% used [0x00000000e3700000,0x00000000e3700000,0x00000000e3e80000)
 ParOldGen       total 128512K, used 2005K [0x00000000a0000000, 0x00000000a7d80000, 0x00000000e0000000)
  object space 128512K, 1% used [0x00000000a0000000,0x00000000a01f54e8,0x00000000a7d80000)
 Metaspace       used 20654K, capacity 21182K, committed 21296K, reserved 1067008K
  class space    used 2966K, capacity 3133K, committed 3200K, reserved 1048576K
Event: 14.443 GC heap after
Heap after GC invocations=4 (full 0):
 PSYoungGen      total 56320K, used 7650K [0x00000000e0000000, 0x00000000e6e00000, 0x0000000100000000)
  eden space 48640K, 0% used [0x00000000e0000000,0x00000000e0000000,0x00000000e2f80000)
  from space 7680K, 99% used [0x00000000e3700000,0x00000000e3e788e8,0x00000000e3e80000)
  to   space 7680K, 0% used [0x00000000e2f80000,0x00000000e2f80000,0x00000000e3700000)
 ParOldGen       total 128512K, used 5649K [0x00000000a0000000, 0x00000000a7d80000, 0x00000000e0000000)
  object space 128512K, 4% used [0x00000000a0000000,0x00000000a05844e0,0x00000000a7d80000)
 Metaspace       used 20654K, capacity 21182K, committed 21296K, reserved 1067008K
  class space    used 2966K, capacity 3133K, committed 3200K, reserved 1048576K
}
Event: 14.443 GC heap before
{Heap before GC invocations=5 (full 1):
 PSYoungGen      total 56320K, used 7650K [0x00000000e0000000, 0x00000000e6e00000, 0x0000000100000000)
  eden space 48640K, 0% used [0x00000000e0000000,0x00000000e0000000,0x00000000e2f80000)
  from space 7680K, 99% used [0x00000000e3700000,0x00000000e3e788e8,0x00000000e3e80000)
  to   space 7680K, 0% used [0x00000000e2f80000,0x00000000e2f80000,0x00000000e3700000)
 ParOldGen       total 128512K, used 5649K [0x00000000a0000000, 0x00000000a7d80000, 0x00000000e0000000)
  object space 128512K, 4% used [0x00000000a0000000,0x00000000a05844e0,0x00000000a7d80000)
 Metaspace       used 20654K, capacity 21182K, committed 21296K, reserved 1067008K
  class space    used 2966K, capacity 3133K, committed 3200K, reserved 1048576K
Event: 14.571 GC heap after
Heap after GC invocations=5 (full 1):
 PSYoungGen      total 56320K, used 0K [0x00000000e0000000, 0x00000000e6e00000, 0x0000000100000000)
  eden space 48640K, 0% used [0x00000000e0000000,0x00000000e0000000,0x00000000e2f80000)
  from space 7680K, 0% used [0x00000000e3700000,0x00000000e3700000,0x00000000e3e80000)
  to   space 7680K, 0% used [0x00000000e2f80000,0x00000000e2f80000,0x00000000e3700000)
 ParOldGen       total 86016K, used 10960K [0x00000000a0000000, 0x00000000a5400000, 0x00000000e0000000)
  object space 86016K, 12% used [0x00000000a0000000,0x00000000a0ab40f8,0x00000000a5400000)
 Metaspace       used 20654K, capacity 21182K, committed 21296K, reserved 1067008K
  class space    used 2966K, capacity 3133K, committed 3200K, reserved 1048576K
}

